<?xml version="1.0" encoding="UTF-8"?>
<!-- Generated by org.testng.reporters.JUnitXMLReporter -->
<testsuite ignored="0" hostname="LAPTOP-LUVA64PE" failures="0" tests="4" name="Default test" time="0.048" errors="0" timestamp="2023-02-27T09:02:45 IST">
  <testcase classname="day06.program03" name="logIn" time="0.004"/>
  <testcase classname="day06.program03" name="logIn" time="0.001"/>
  <testcase classname="day06.program03" name="logIn" time="0.001"/>
  <testcase classname="day06.program03" name="logIn" time="0.004"/>
</testsuite> <!-- Default test -->
