<?xml version="1.0" encoding="UTF-8"?>
<!-- Generated by org.testng.reporters.JUnitXMLReporter -->
<testsuite ignored="0" hostname="LAPTOP-LUVA64PE" failures="0" tests="4" name="Default test" time="50.006" errors="0" timestamp="2023-02-28T07:06:56 IST">
  <testcase classname="day06.program03" name="logIn" time="9.868"/>
  <testcase classname="day06.program03" name="logIn" time="14.112"/>
  <testcase classname="day06.program03" name="logIn" time="19.758"/>
  <testcase classname="day06.program03" name="logIn" time="6.199"/>
</testsuite> <!-- Default test -->
