<?xml version="1.0" encoding="UTF-8"?>
<!-- Generated by org.testng.reporters.JUnitXMLReporter -->
<testsuite ignored="2" hostname="LAPTOP-LUVA64PE" failures="0" tests="3" name="Test" time="0.043" errors="0" timestamp="2023-02-27T08:43:28 IST">
  <testcase classname="day06.program02" name="testCase01" time="0.006"/>
  <testcase classname="day06.program02" name="testCase04" time="0.002"/>
  <testcase classname="day06.program02" name="testCase05" time="0.001"/>
  <testcase classname="day06.program02" name="testCase03" time="0.0">
    <ignored/>
  </testcase> <!-- testCase03 -->
  <testcase classname="day06.program02" name="testCase02" time="0.0">
    <ignored/>
  </testcase> <!-- testCase02 -->
</testsuite> <!-- Test -->
