<?xml version="1.0" encoding="UTF-8"?>
<testng-results ignored="0" total="4" passed="4" failed="0" skipped="0">
  <reporter-output>
  </reporter-output>
  <suite started-at="2023-02-28T07:06:06 IST" name="Default suite" finished-at="2023-02-28T07:06:56 IST" duration-ms="50006">
    <groups>
    </groups>
    <test started-at="2023-02-28T07:06:06 IST" name="Default test" finished-at="2023-02-28T07:06:56 IST" duration-ms="50006">
      <class name="day06.program03">
        <test-method signature="logIn(java.lang.String,java.lang.String)[pri:0, instance:day06.program03@130161f7]" started-at="2023-02-28T07:06:06 IST" name="logIn" data-provider="login" finished-at="2023-02-28T07:06:16 IST" duration-ms="9868" status="PASS">
          <params>
            <param index="0">
              <value>
                <![CDATA[username1]]>
              </value>
            </param>
            <param index="1">
              <value>
                <![CDATA[password1]]>
              </value>
            </param>
          </params>
          <reporter-output>
          </reporter-output>
        </test-method> <!-- logIn -->
        <test-method signature="logIn(java.lang.String,java.lang.String)[pri:0, instance:day06.program03@130161f7]" started-at="2023-02-28T07:06:16 IST" name="logIn" data-provider="login" finished-at="2023-02-28T07:06:30 IST" duration-ms="14112" status="PASS">
          <params>
            <param index="0">
              <value>
                <![CDATA[username2]]>
              </value>
            </param>
            <param index="1">
              <value>
                <![CDATA[password2]]>
              </value>
            </param>
          </params>
          <reporter-output>
          </reporter-output>
        </test-method> <!-- logIn -->
        <test-method signature="logIn(java.lang.String,java.lang.String)[pri:0, instance:day06.program03@130161f7]" started-at="2023-02-28T07:06:30 IST" name="logIn" data-provider="login" finished-at="2023-02-28T07:06:50 IST" duration-ms="19758" status="PASS">
          <params>
            <param index="0">
              <value>
                <![CDATA[username3]]>
              </value>
            </param>
            <param index="1">
              <value>
                <![CDATA[password3]]>
              </value>
            </param>
          </params>
          <reporter-output>
          </reporter-output>
        </test-method> <!-- logIn -->
        <test-method signature="logIn(java.lang.String,java.lang.String)[pri:0, instance:day06.program03@130161f7]" started-at="2023-02-28T07:06:50 IST" name="logIn" data-provider="login" finished-at="2023-02-28T07:06:56 IST" duration-ms="6199" status="PASS">
          <params>
            <param index="0">
              <value>
                <![CDATA[username4]]>
              </value>
            </param>
            <param index="1">
              <value>
                <![CDATA[password4]]>
              </value>
            </param>
          </params>
          <reporter-output>
          </reporter-output>
        </test-method> <!-- logIn -->
      </class> <!-- day06.program03 -->
    </test> <!-- Default test -->
  </suite> <!-- Default suite -->
</testng-results>
