<?xml version="1.0" encoding="UTF-8"?>
<testng-results ignored="0" total="1" passed="1" failed="0" skipped="0">
  <reporter-output>
  </reporter-output>
  <suite started-at="2023-03-14T19:31:37 GMT-06:00" name="Default suite" finished-at="2023-03-14T19:31:46 GMT-06:00" duration-ms="9110">
    <groups>
    </groups>
    <test started-at="2023-03-14T19:31:37 GMT-06:00" name="Default test" finished-at="2023-03-14T19:31:46 GMT-06:00" duration-ms="9110">
      <class name="day09.project">
        <test-method signature="testcase01()[pri:0, instance:day09.project@384ad17b]" started-at="2023-03-14T19:31:37 GMT-06:00" name="testcase01" finished-at="2023-03-14T19:31:46 GMT-06:00" duration-ms="9079" status="PASS">
          <reporter-output>
          </reporter-output>
        </test-method> <!-- testcase01 -->
      </class> <!-- day09.project -->
    </test> <!-- Default test -->
  </suite> <!-- Default suite -->
</testng-results>
